Arguments: 
  /usr/local/bin/node /usr/local/bin/yarn install

PATH: 
  /Users/liquid/code/jv/pha/arcanist/bin:/Users/liquid/bin:/usr/local/bin:/usr/local/mysql/bin:/usr/local/bin:/usr/bin:/bin:/usr/sbin:/sbin

Yarn version: 
  0.24.5

Node version: 
  10.16.0

Platform: 
  darwin x64

npm manifest: 
  {
    "name": "taro-test",
    "version": "1.0.0",
    "private": true,
    "description": "a",
    "templateInfo": {
      "name": "vue3-vuex",
      "typescript": true,
      "css": "sass"
    },
    "scripts": {
      "build:weapp": "taro build --type weapp",
      "build:swan": "taro build --type swan",
      "build:alipay": "taro build --type alipay",
      "build:tt": "taro build --type tt",
      "build:h5": "taro build --type h5",
      "build:rn": "taro build --type rn",
      "build:qq": "taro build --type qq",
      "build:quickapp": "taro build --type quickapp",
      "dev:weapp": "npm run build:weapp -- --watch",
      "dev:swan": "npm run build:swan -- --watch",
      "dev:alipay": "npm run build:alipay -- --watch",
      "dev:tt": "npm run build:tt -- --watch",
      "dev:h5": "npm run build:h5 -- --watch",
      "dev:rn": "npm run build:rn -- --watch",
      "dev:qq": "npm run build:qq -- --watch",
      "dev:quickapp": "npm run build:quickapp -- --watch"
    },
    "browserslist": [
      "last 3 versions",
      "Android >= 4.1",
      "ios >= 8"
    ],
    "author": "",
    "license": "MIT",
    "dependencies": {
      "@babel/runtime": "^7.7.7",
      "@tarojs/runtime": "3.0.14",
      "@tarojs/taro": "3.0.14",
      "@tarojs/components": "3.0.14",
      "vuex": "^4.0.0-beta.2",
      "vue": "^3.0.0-beta.15"
    },
    "devDependencies": {
      "@types/webpack-env": "^1.13.6",
      "@tarojs/mini-runner": "3.0.14",
      "@tarojs/webpack-runner": "3.0.14",
      "@babel/core": "^7.8.0",
      "babel-preset-taro": "3.0.14",
      "@vue/compiler-sfc": "^3.0.0-beta.15",
      "vue-loader": "^16.0.0-beta.3",
      "eslint-plugin-vue": "^7.0.0-alpha.6",
      "eslint-config-taro": "3.0.14",
      "eslint": "^6.8.0",
      "stylelint": "9.3.0",
      "@typescript-eslint/parser": "^2.x",
      "@typescript-eslint/eslint-plugin": "^2.x",
      "typescript": "^3.7.0"
    }
  }

yarn manifest: 
  No manifest

Lockfile: 
  No lockfile

Trace: 
  Error: http://r.npm.jintencent.com/@types%2fwebpack-env: ESOCKETTIMEDOUT
      at ClientRequest.<anonymous> (/usr/local/lib/node_modules/yarn/node_modules/request/request.js:819:19)
      at Object.onceWrapper (events.js:286:20)
      at ClientRequest.emit (events.js:198:13)
      at Socket.emitRequestTimeout (_http_client.js:662:40)
      at Object.onceWrapper (events.js:286:20)
      at Socket.emit (events.js:198:13)
      at Socket._onTimeout (net.js:442:8)
      at ontimeout (timers.js:436:11)
      at tryOnTimeout (timers.js:300:5)
      at listOnTimeout (timers.js:263:5)
